08.07.2021 23:26:01.056 [background-preinit] INFO   o.h.v.i.util.Version - HV000001: Hibernate Validator 6.2.0.Final
08.07.2021 23:26:01.072 [main] INFO   c.k.v.ValidationApplication - Starting ValidationApplication using Java 1.8.0_291 on lenovo-V17-BE7 with PID 13028 (C:\IdeaProjects\verificationGITLAB\build\classes\java\main started by Пользователь in C:\IdeaProjects\verificationGITLAB)
08.07.2021 23:26:01.089 [main] INFO   c.k.v.ValidationApplication - The following profiles are active: test
08.07.2021 23:26:03.859 [main] INFO   o.s.d.r.c.RepositoryConfigurationDelegate - Bootstrapping Spring Data JPA repositories in DEFAULT mode.
08.07.2021 23:26:03.930 [main] INFO   o.s.d.r.c.RepositoryConfigurationDelegate - Finished Spring Data repository scanning in 58 ms. Found 1 JPA repository interfaces.
08.07.2021 23:26:06.159 [main] INFO   o.s.b.w.e.t.TomcatWebServer - Tomcat initialized with port(s): 80 (http)
08.07.2021 23:26:06.172 [main] INFO   o.a.c.h.Http11NioProtocol - Initializing ProtocolHandler ["http-nio-80"]
08.07.2021 23:26:06.173 [main] INFO   o.a.c.c.StandardService - Starting service [Tomcat]
08.07.2021 23:26:06.173 [main] INFO   o.a.c.c.StandardEngine - Starting Servlet engine: [Apache Tomcat/9.0.46]
08.07.2021 23:26:06.388 [main] INFO   o.a.c.c.C.[.[.[/] - Initializing Spring embedded WebApplicationContext
08.07.2021 23:26:06.389 [main] INFO   o.s.b.w.s.c.ServletWebServerApplicationContext - Root WebApplicationContext: initialization completed in 5175 ms
08.07.2021 23:26:06.672 [main] INFO   c.z.h.HikariDataSource - HikariPool-1 - Starting...
08.07.2021 23:26:06.822 [main] INFO   c.z.h.HikariDataSource - HikariPool-1 - Start completed.
08.07.2021 23:26:07.040 [main] INFO   o.h.j.i.u.LogHelper - HHH000204: Processing PersistenceUnitInfo [name: default]
08.07.2021 23:26:07.163 [main] INFO   o.hibernate.Version - HHH000412: Hibernate ORM core version 5.4.32.Final
08.07.2021 23:26:07.471 [main] INFO   o.h.a.common.Version - HCANN000001: Hibernate Commons Annotations {5.1.2.Final}
08.07.2021 23:26:07.998 [main] INFO   o.h.dialect.Dialect - HHH000400: Using dialect: com.kk.validation.config.db.sqlite.SQLDialect
08.07.2021 23:26:09.517 [main] INFO   o.h.e.t.j.p.i.JtaPlatformInitiator - HHH000490: Using JtaPlatform implementation: [org.hibernate.engine.transaction.jta.platform.internal.NoJtaPlatform]
08.07.2021 23:26:09.529 [main] INFO   o.s.o.j.LocalContainerEntityManagerFactoryBean - Initialized JPA EntityManagerFactory for persistence unit 'default'
08.07.2021 23:26:11.560 [main] WARN   o.s.b.a.o.j.JpaBaseConfiguration$JpaWebConfiguration - spring.jpa.open-in-view is enabled by default. Therefore, database queries may be performed during view rendering. Explicitly configure spring.jpa.open-in-view to disable this warning
08.07.2021 23:26:12.193 [main] INFO   s.d.s.w.PropertySourcedRequestMappingHandlerMapping - Mapped URL path [/v2/api-docs] onto method [springfox.documentation.swagger2.web.Swagger2Controller#getDocumentation(String, HttpServletRequest)]
08.07.2021 23:26:13.333 [main] INFO   o.a.c.h.Http11NioProtocol - Starting ProtocolHandler ["http-nio-80"]
08.07.2021 23:26:13.400 [main] INFO   o.s.b.w.e.t.TomcatWebServer - Tomcat started on port(s): 80 (http) with context path ''
08.07.2021 23:26:13.401 [main] INFO   s.d.s.w.p.DocumentationPluginsBootstrapper - Context refreshed
08.07.2021 23:26:13.466 [main] INFO   s.d.s.w.p.DocumentationPluginsBootstrapper - Found 1 custom documentation plugin(s)
08.07.2021 23:26:13.639 [main] INFO   s.d.s.w.s.ApiListingReferenceScanner - Scanning for api listing references
08.07.2021 23:26:14.202 [main] INFO   c.k.v.ValidationApplication - Started ValidationApplication in 13.717 seconds (JVM running for 14.997)
08.07.2021 23:28:54.273 [http-nio-80-exec-1] INFO   o.a.c.c.C.[.[.[/] - Initializing Spring DispatcherServlet 'dispatcherServlet'
08.07.2021 23:28:54.280 [http-nio-80-exec-1] INFO   o.s.w.s.DispatcherServlet - Initializing Servlet 'dispatcherServlet'
08.07.2021 23:28:54.375 [http-nio-80-exec-1] INFO   o.s.w.s.DispatcherServlet - Completed initialization in 95 ms
08.07.2021 23:28:55.141 [http-nio-80-exec-1] INFO   c.k.v.s.ValidationEmail - before call restmethod:execution(ResponseEntity com.kk.validation.controller.RequestController.generationToken2(GenerationRequest)), args=[GenerationRequest{"email":"antontitoww@gmail.com","status":"0","description":" "}]
08.07.2021 23:28:55.601 [http-nio-80-exec-1] INFO   c.k.v.a.EmailSendindLogging - before send email: execution(void com.kk.validation.service.MailSenderSrv.Send(String,String,String,String)), args=[antontitoww@gmail.com,antontitoww@gmail.com,824185273363867075656652,Активация имейла]
08.07.2021 23:28:59.656 [http-nio-80-exec-1] INFO   c.k.v.a.EmailSendindLogging - after send email: execution(void com.kk.validation.service.MailSenderSrv.Send(String,String,String,String)), args=[antontitoww@gmail.com,antontitoww@gmail.com,824185273363867075656652,Активация имейла]
08.07.2021 23:28:59.662 [http-nio-80-exec-1] INFO   c.k.v.s.ValidationEmail - after call restmethod:execution(ResponseEntity com.kk.validation.controller.RequestController.generationToken2(GenerationRequest)), args=[GenerationRequest{"email":"antontitoww@gmail.com","status":"0","description":" "}]
08.07.2021 23:29:07.297 [http-nio-80-exec-3] INFO   c.k.v.s.ValidationEmail - before call restmethod:execution(ResponseEntity com.kk.validation.controller.RequestController.generationToken2(GenerationRequest)), args=[GenerationRequest{"email":"antontitow@bk.ru","status":"0","description":" "}]
08.07.2021 23:29:07.330 [http-nio-80-exec-3] INFO   c.k.v.a.EmailSendindLogging - before send email: execution(void com.kk.validation.service.MailSenderSrv.Send(String,String,String,String)), args=[antontitow@bk.ru,antontitow@bk.ru,026774881414003248022771,Активация имейла]
08.07.2021 23:29:08.728 [http-nio-80-exec-3] INFO   c.k.v.a.EmailSendindLogging - after send email: execution(void com.kk.validation.service.MailSenderSrv.Send(String,String,String,String)), args=[antontitow@bk.ru,antontitow@bk.ru,026774881414003248022771,Активация имейла]
08.07.2021 23:29:08.729 [http-nio-80-exec-3] INFO   c.k.v.s.ValidationEmail - after call restmethod:execution(ResponseEntity com.kk.validation.controller.RequestController.generationToken2(GenerationRequest)), args=[GenerationRequest{"email":"antontitow@bk.ru","status":"0","description":" "}]
08.07.2021 23:29:42.768 [http-nio-80-exec-4] INFO   c.k.v.s.ValidationEmail - before call restmethod:execution(ResponseEntity com.kk.validation.controller.RequestController.activation(String,String)), args=[antontitow@bk.ru,026774881414003248022771]
08.07.2021 23:29:42.860 [http-nio-80-exec-4] INFO   c.k.v.s.ValidationEmail - after call restmethod:execution(ResponseEntity com.kk.validation.controller.RequestController.activation(String,String)), args=[antontitow@bk.ru,026774881414003248022771]
